{"/Users/gab/Desktop/Testes/desafio-gabriela-leite/src/caixa-da-lanchonete.js": {"path":"/Users/gab/Desktop/Testes/desafio-gabriela-leite/src/caixa-da-lanchonete.js","all":false,"statementMap":{"0":{"start":{"line":1,"column":0},"end":{"line":1,"column":25}},"1":{"start":{"line":2,"column":0},"end":{"line":2,"column":17}},"2":{"start":{"line":3,"column":0},"end":{"line":3,"column":21}},"3":{"start":{"line":4,"column":0},"end":{"line":4,"column":16}},"4":{"start":{"line":5,"column":0},"end":{"line":5,"column":20}},"5":{"start":{"line":6,"column":0},"end":{"line":6,"column":16}},"6":{"start":{"line":7,"column":0},"end":{"line":7,"column":21}},"7":{"start":{"line":8,"column":0},"end":{"line":8,"column":18}},"8":{"start":{"line":9,"column":0},"end":{"line":9,"column":20}},"9":{"start":{"line":10,"column":0},"end":{"line":10,"column":18}},"10":{"start":{"line":11,"column":0},"end":{"line":11,"column":18}},"11":{"start":{"line":12,"column":0},"end":{"line":12,"column":6}},"12":{"start":{"line":13,"column":0},"end":{"line":13,"column":3}},"13":{"start":{"line":14,"column":0},"end":{"line":14,"column":0}},"14":{"start":{"line":15,"column":0},"end":{"line":15,"column":45}},"15":{"start":{"line":16,"column":0},"end":{"line":16,"column":47}},"16":{"start":{"line":17,"column":0},"end":{"line":17,"column":61}},"17":{"start":{"line":18,"column":0},"end":{"line":18,"column":54}},"18":{"start":{"line":19,"column":0},"end":{"line":19,"column":3}},"19":{"start":{"line":20,"column":0},"end":{"line":20,"column":0}},"20":{"start":{"line":21,"column":0},"end":{"line":21,"column":55}},"21":{"start":{"line":22,"column":0},"end":{"line":22,"column":24}},"22":{"start":{"line":23,"column":0},"end":{"line":23,"column":18}},"23":{"start":{"line":24,"column":0},"end":{"line":24,"column":31}},"24":{"start":{"line":25,"column":0},"end":{"line":25,"column":51}},"25":{"start":{"line":26,"column":0},"end":{"line":26,"column":28}},"26":{"start":{"line":27,"column":0},"end":{"line":27,"column":48}},"27":{"start":{"line":28,"column":0},"end":{"line":28,"column":7}},"28":{"start":{"line":29,"column":0},"end":{"line":29,"column":0}},"29":{"start":{"line":30,"column":0},"end":{"line":30,"column":42}},"30":{"start":{"line":31,"column":0},"end":{"line":31,"column":19}},"31":{"start":{"line":32,"column":0},"end":{"line":32,"column":42}},"32":{"start":{"line":33,"column":0},"end":{"line":33,"column":7}},"33":{"start":{"line":34,"column":0},"end":{"line":34,"column":0}},"34":{"start":{"line":35,"column":0},"end":{"line":35,"column":34}},"35":{"start":{"line":36,"column":0},"end":{"line":36,"column":5}},"36":{"start":{"line":37,"column":0},"end":{"line":37,"column":17}},"37":{"start":{"line":38,"column":0},"end":{"line":38,"column":3}},"38":{"start":{"line":39,"column":0},"end":{"line":39,"column":0}},"39":{"start":{"line":40,"column":0},"end":{"line":40,"column":46}},"40":{"start":{"line":41,"column":0},"end":{"line":41,"column":62}},"41":{"start":{"line":42,"column":0},"end":{"line":42,"column":61}},"42":{"start":{"line":43,"column":0},"end":{"line":43,"column":17}},"43":{"start":{"line":44,"column":0},"end":{"line":44,"column":3}},"44":{"start":{"line":45,"column":0},"end":{"line":45,"column":0}},"45":{"start":{"line":46,"column":0},"end":{"line":46,"column":35}},"46":{"start":{"line":47,"column":0},"end":{"line":47,"column":64}},"47":{"start":{"line":48,"column":0},"end":{"line":48,"column":74}},"48":{"start":{"line":49,"column":0},"end":{"line":49,"column":0}},"49":{"start":{"line":50,"column":0},"end":{"line":50,"column":70}},"50":{"start":{"line":51,"column":0},"end":{"line":51,"column":72}},"51":{"start":{"line":52,"column":0},"end":{"line":52,"column":5}},"52":{"start":{"line":53,"column":0},"end":{"line":53,"column":0}},"53":{"start":{"line":54,"column":0},"end":{"line":54,"column":73}},"54":{"start":{"line":55,"column":0},"end":{"line":55,"column":72}},"55":{"start":{"line":56,"column":0},"end":{"line":56,"column":5}},"56":{"start":{"line":57,"column":0},"end":{"line":57,"column":3}},"57":{"start":{"line":58,"column":0},"end":{"line":58,"column":0}},"58":{"start":{"line":59,"column":0},"end":{"line":59,"column":64}},"59":{"start":{"line":60,"column":0},"end":{"line":60,"column":51}},"60":{"start":{"line":61,"column":0},"end":{"line":61,"column":29}},"61":{"start":{"line":62,"column":0},"end":{"line":62,"column":51}},"62":{"start":{"line":63,"column":0},"end":{"line":63,"column":5}},"63":{"start":{"line":64,"column":0},"end":{"line":64,"column":0}},"64":{"start":{"line":65,"column":0},"end":{"line":65,"column":60}},"65":{"start":{"line":66,"column":0},"end":{"line":66,"column":44}},"66":{"start":{"line":67,"column":0},"end":{"line":67,"column":5}},"67":{"start":{"line":68,"column":0},"end":{"line":68,"column":0}},"68":{"start":{"line":69,"column":0},"end":{"line":69,"column":9}},"69":{"start":{"line":70,"column":0},"end":{"line":70,"column":61}},"70":{"start":{"line":71,"column":0},"end":{"line":71,"column":43}},"71":{"start":{"line":72,"column":0},"end":{"line":72,"column":0}},"72":{"start":{"line":73,"column":0},"end":{"line":73,"column":40}},"73":{"start":{"line":74,"column":0},"end":{"line":74,"column":46}},"74":{"start":{"line":75,"column":0},"end":{"line":75,"column":0}},"75":{"start":{"line":76,"column":0},"end":{"line":76,"column":64}},"76":{"start":{"line":77,"column":0},"end":{"line":77,"column":79}},"77":{"start":{"line":78,"column":0},"end":{"line":78,"column":0}},"78":{"start":{"line":79,"column":0},"end":{"line":79,"column":67}},"79":{"start":{"line":80,"column":0},"end":{"line":80,"column":21}},"80":{"start":{"line":81,"column":0},"end":{"line":81,"column":27}},"81":{"start":{"line":82,"column":0},"end":{"line":82,"column":5}},"82":{"start":{"line":83,"column":0},"end":{"line":83,"column":3}},"83":{"start":{"line":84,"column":0},"end":{"line":84,"column":1}},"84":{"start":{"line":85,"column":0},"end":{"line":85,"column":0}},"85":{"start":{"line":86,"column":0},"end":{"line":86,"column":29}}},"s":{"0":1,"1":1,"2":30,"3":30,"4":30,"5":30,"6":30,"7":30,"8":30,"9":30,"10":30,"11":30,"12":30,"13":1,"14":1,"15":1,"16":27,"17":27,"18":27,"19":1,"20":1,"21":1,"22":21,"23":21,"24":41,"25":41,"26":3,"27":3,"28":38,"29":38,"30":41,"31":4,"32":4,"33":34,"34":34,"35":34,"36":14,"37":14,"38":1,"39":1,"40":14,"41":14,"42":5,"43":5,"44":1,"45":1,"46":26,"47":26,"48":26,"49":26,"50":2,"51":2,"52":24,"53":26,"54":3,"55":3,"56":26,"57":1,"58":1,"59":1,"60":30,"61":3,"62":3,"63":27,"64":30,"65":1,"66":1,"67":26,"68":26,"69":26,"70":26,"71":26,"72":26,"73":26,"74":26,"75":26,"76":26,"77":26,"78":26,"79":30,"80":12,"81":12,"82":30,"83":1,"84":1,"85":1},"branchMap":{"0":{"type":"branch","line":2,"loc":{"start":{"line":2,"column":2},"end":{"line":13,"column":3}},"locations":[{"start":{"line":2,"column":2},"end":{"line":13,"column":3}}]},"1":{"type":"branch","line":16,"loc":{"start":{"line":16,"column":2},"end":{"line":19,"column":3}},"locations":[{"start":{"line":16,"column":2},"end":{"line":19,"column":3}}]},"2":{"type":"branch","line":22,"loc":{"start":{"line":22,"column":2},"end":{"line":38,"column":3}},"locations":[{"start":{"line":22,"column":2},"end":{"line":38,"column":3}}]},"3":{"type":"branch","line":24,"loc":{"start":{"line":24,"column":30},"end":{"line":36,"column":5}},"locations":[{"start":{"line":24,"column":30},"end":{"line":36,"column":5}}]},"4":{"type":"branch","line":26,"loc":{"start":{"line":26,"column":27},"end":{"line":28,"column":7}},"locations":[{"start":{"line":26,"column":27},"end":{"line":28,"column":7}}]},"5":{"type":"branch","line":28,"loc":{"start":{"line":28,"column":6},"end":{"line":31,"column":18}},"locations":[{"start":{"line":28,"column":6},"end":{"line":31,"column":18}}]},"6":{"type":"branch","line":31,"loc":{"start":{"line":31,"column":18},"end":{"line":33,"column":7}},"locations":[{"start":{"line":31,"column":18},"end":{"line":33,"column":7}}]},"7":{"type":"branch","line":33,"loc":{"start":{"line":33,"column":6},"end":{"line":36,"column":5}},"locations":[{"start":{"line":33,"column":6},"end":{"line":36,"column":5}}]},"8":{"type":"branch","line":36,"loc":{"start":{"line":36,"column":4},"end":{"line":38,"column":3}},"locations":[{"start":{"line":36,"column":4},"end":{"line":38,"column":3}}]},"9":{"type":"branch","line":40,"loc":{"start":{"line":40,"column":2},"end":{"line":44,"column":3}},"locations":[{"start":{"line":40,"column":2},"end":{"line":44,"column":3}}]},"10":{"type":"branch","line":41,"loc":{"start":{"line":41,"column":42},"end":{"line":41,"column":62}},"locations":[{"start":{"line":41,"column":42},"end":{"line":41,"column":62}}]},"11":{"type":"branch","line":41,"loc":{"start":{"line":41,"column":61},"end":{"line":42,"column":41}},"locations":[{"start":{"line":41,"column":61},"end":{"line":42,"column":41}}]},"12":{"type":"branch","line":42,"loc":{"start":{"line":42,"column":41},"end":{"line":42,"column":61}},"locations":[{"start":{"line":42,"column":41},"end":{"line":42,"column":61}}]},"13":{"type":"branch","line":42,"loc":{"start":{"line":42,"column":60},"end":{"line":44,"column":3}},"locations":[{"start":{"line":42,"column":60},"end":{"line":44,"column":3}}]},"14":{"type":"branch","line":46,"loc":{"start":{"line":46,"column":2},"end":{"line":57,"column":3}},"locations":[{"start":{"line":46,"column":2},"end":{"line":57,"column":3}}]},"15":{"type":"branch","line":50,"loc":{"start":{"line":50,"column":16},"end":{"line":50,"column":67}},"locations":[{"start":{"line":50,"column":16},"end":{"line":50,"column":67}}]},"16":{"type":"branch","line":50,"loc":{"start":{"line":50,"column":69},"end":{"line":52,"column":5}},"locations":[{"start":{"line":50,"column":69},"end":{"line":52,"column":5}}]},"17":{"type":"branch","line":52,"loc":{"start":{"line":52,"column":4},"end":{"line":54,"column":25}},"locations":[{"start":{"line":52,"column":4},"end":{"line":54,"column":25}}]},"18":{"type":"branch","line":54,"loc":{"start":{"line":54,"column":21},"end":{"line":54,"column":70}},"locations":[{"start":{"line":54,"column":21},"end":{"line":54,"column":70}}]},"19":{"type":"branch","line":54,"loc":{"start":{"line":54,"column":72},"end":{"line":56,"column":5}},"locations":[{"start":{"line":54,"column":72},"end":{"line":56,"column":5}}]},"20":{"type":"branch","line":47,"loc":{"start":{"line":47,"column":32},"end":{"line":47,"column":62}},"locations":[{"start":{"line":47,"column":32},"end":{"line":47,"column":62}}]},"21":{"type":"branch","line":48,"loc":{"start":{"line":48,"column":37},"end":{"line":48,"column":72}},"locations":[{"start":{"line":48,"column":37},"end":{"line":48,"column":72}}]},"22":{"type":"branch","line":50,"loc":{"start":{"line":50,"column":32},"end":{"line":50,"column":66}},"locations":[{"start":{"line":50,"column":32},"end":{"line":50,"column":66}}]},"23":{"type":"branch","line":54,"loc":{"start":{"line":54,"column":37},"end":{"line":54,"column":69}},"locations":[{"start":{"line":54,"column":37},"end":{"line":54,"column":69}}]},"24":{"type":"branch","line":60,"loc":{"start":{"line":60,"column":2},"end":{"line":83,"column":3}},"locations":[{"start":{"line":60,"column":2},"end":{"line":83,"column":3}}]},"25":{"type":"branch","line":61,"loc":{"start":{"line":61,"column":28},"end":{"line":63,"column":5}},"locations":[{"start":{"line":61,"column":28},"end":{"line":63,"column":5}}]},"26":{"type":"branch","line":63,"loc":{"start":{"line":63,"column":4},"end":{"line":65,"column":59}},"locations":[{"start":{"line":63,"column":4},"end":{"line":65,"column":59}}]},"27":{"type":"branch","line":65,"loc":{"start":{"line":65,"column":59},"end":{"line":67,"column":5}},"locations":[{"start":{"line":65,"column":59},"end":{"line":67,"column":5}}]},"28":{"type":"branch","line":67,"loc":{"start":{"line":67,"column":4},"end":{"line":80,"column":6}},"locations":[{"start":{"line":67,"column":4},"end":{"line":80,"column":6}}]},"29":{"type":"branch","line":80,"loc":{"start":{"line":80,"column":6},"end":{"line":82,"column":5}},"locations":[{"start":{"line":80,"column":6},"end":{"line":82,"column":5}}]}},"b":{"0":[30],"1":[27],"2":[21],"3":[41],"4":[3],"5":[38],"6":[4],"7":[34],"8":[14],"9":[14],"10":[5],"11":[9],"12":[4],"13":[5],"14":[26],"15":[11],"16":[2],"17":[24],"18":[17],"19":[3],"20":[28],"21":[43],"22":[12],"23":[27],"24":[30],"25":[3],"26":[27],"27":[1],"28":[26],"29":[12]},"fnMap":{"0":{"name":"CaixaDaLanchonete","decl":{"start":{"line":2,"column":2},"end":{"line":13,"column":3}},"loc":{"start":{"line":2,"column":2},"end":{"line":13,"column":3}},"line":2},"1":{"name":"validarMetododePagamento","decl":{"start":{"line":16,"column":2},"end":{"line":19,"column":3}},"loc":{"start":{"line":16,"column":2},"end":{"line":19,"column":3}},"line":16},"2":{"name":"calcularTotal","decl":{"start":{"line":22,"column":2},"end":{"line":38,"column":3}},"loc":{"start":{"line":22,"column":2},"end":{"line":38,"column":3}},"line":22},"3":{"name":"calcularDesconto","decl":{"start":{"line":40,"column":2},"end":{"line":44,"column":3}},"loc":{"start":{"line":40,"column":2},"end":{"line":44,"column":3}},"line":40},"4":{"name":"verificarItensPrincipais","decl":{"start":{"line":46,"column":2},"end":{"line":57,"column":3}},"loc":{"start":{"line":46,"column":2},"end":{"line":57,"column":3}},"line":46},"5":{"name":"calcularValorDaCompra","decl":{"start":{"line":60,"column":2},"end":{"line":83,"column":3}},"loc":{"start":{"line":60,"column":2},"end":{"line":83,"column":3}},"line":60}},"f":{"0":30,"1":27,"2":21,"3":14,"4":26,"5":30}}
}
