TN:
SF:src/caixa-da-lanchonete.js
FN:2,CaixaDaLanchonete
FN:16,validarMetododePagamento
FN:22,calcularTotal
FN:40,calcularDesconto
FN:46,verificarItensPrincipais
FN:60,calcularValorDaCompra
FNF:6
FNH:6
FNDA:30,CaixaDaLanchonete
FNDA:27,validarMetododePagamento
FNDA:21,calcularTotal
FNDA:14,calcularDesconto
FNDA:26,verificarItensPrincipais
FNDA:30,calcularValorDaCompra
DA:1,1
DA:2,1
DA:3,30
DA:4,30
DA:5,30
DA:6,30
DA:7,30
DA:8,30
DA:9,30
DA:10,30
DA:11,30
DA:12,30
DA:13,30
DA:14,1
DA:15,1
DA:16,1
DA:17,27
DA:18,27
DA:19,27
DA:20,1
DA:21,1
DA:22,1
DA:23,21
DA:24,21
DA:25,41
DA:26,41
DA:27,3
DA:28,3
DA:29,38
DA:30,38
DA:31,41
DA:32,4
DA:33,4
DA:34,34
DA:35,34
DA:36,34
DA:37,14
DA:38,14
DA:39,1
DA:40,1
DA:41,14
DA:42,14
DA:43,5
DA:44,5
DA:45,1
DA:46,1
DA:47,26
DA:48,26
DA:49,26
DA:50,26
DA:51,2
DA:52,2
DA:53,24
DA:54,26
DA:55,3
DA:56,3
DA:57,26
DA:58,1
DA:59,1
DA:60,1
DA:61,30
DA:62,3
DA:63,3
DA:64,27
DA:65,30
DA:66,1
DA:67,1
DA:68,26
DA:69,26
DA:70,26
DA:71,26
DA:72,26
DA:73,26
DA:74,26
DA:75,26
DA:76,26
DA:77,26
DA:78,26
DA:79,26
DA:80,30
DA:81,12
DA:82,12
DA:83,30
DA:84,1
DA:85,1
DA:86,1
LF:86
LH:86
BRDA:2,0,0,30
BRDA:16,1,0,27
BRDA:22,2,0,21
BRDA:24,3,0,41
BRDA:26,4,0,3
BRDA:28,5,0,38
BRDA:31,6,0,4
BRDA:33,7,0,34
BRDA:36,8,0,14
BRDA:40,9,0,14
BRDA:41,10,0,5
BRDA:41,11,0,9
BRDA:42,12,0,4
BRDA:42,13,0,5
BRDA:46,14,0,26
BRDA:50,15,0,11
BRDA:50,16,0,2
BRDA:52,17,0,24
BRDA:54,18,0,17
BRDA:54,19,0,3
BRDA:47,20,0,28
BRDA:48,21,0,43
BRDA:50,22,0,12
BRDA:54,23,0,27
BRDA:60,24,0,30
BRDA:61,25,0,3
BRDA:63,26,0,27
BRDA:65,27,0,1
BRDA:67,28,0,26
BRDA:80,29,0,12
BRF:30
BRH:30
end_of_record
