TN:
SF:src/caixa-da-lanchonete.js
FN:2,CaixaDaLanchonete
FN:16,validarMetododePagamento
FN:22,calcularTotal
FN:40,calcularDesconto
FN:46,verificarItensPrincipais
FN:60,calcularValorDaCompra
FNF:6
FNH:6
FNDA:27,CaixaDaLanchonete
FNDA:24,validarMetododePagamento
FNDA:18,calcularTotal
FNDA:11,calcularDesconto
FNDA:23,verificarItensPrincipais
FNDA:27,calcularValorDaCompra
DA:1,1
DA:2,1
DA:3,27
DA:4,27
DA:5,27
DA:6,27
DA:7,27
DA:8,27
DA:9,27
DA:10,27
DA:11,27
DA:12,27
DA:13,27
DA:14,1
DA:15,1
DA:16,1
DA:17,24
DA:18,24
DA:19,24
DA:20,1
DA:21,1
DA:22,1
DA:23,18
DA:24,18
DA:25,34
DA:26,34
DA:27,3
DA:28,3
DA:29,31
DA:30,31
DA:31,34
DA:32,4
DA:33,4
DA:34,27
DA:35,27
DA:36,27
DA:37,11
DA:38,11
DA:39,1
DA:40,1
DA:41,11
DA:42,11
DA:43,4
DA:44,4
DA:45,1
DA:46,1
DA:47,23
DA:48,23
DA:49,23
DA:50,23
DA:51,2
DA:52,2
DA:53,21
DA:54,23
DA:55,3
DA:56,3
DA:57,23
DA:58,1
DA:59,1
DA:60,1
DA:61,27
DA:62,3
DA:63,3
DA:64,24
DA:65,27
DA:66,1
DA:67,1
DA:68,23
DA:69,23
DA:70,23
DA:71,23
DA:72,23
DA:73,23
DA:74,23
DA:75,23
DA:76,23
DA:77,23
DA:78,23
DA:79,23
DA:80,27
DA:81,12
DA:82,12
DA:83,27
DA:84,1
DA:85,1
DA:86,1
LF:86
LH:86
BRDA:2,0,0,27
BRDA:16,1,0,24
BRDA:22,2,0,18
BRDA:24,3,0,34
BRDA:26,4,0,3
BRDA:28,5,0,31
BRDA:31,6,0,4
BRDA:33,7,0,27
BRDA:36,8,0,11
BRDA:40,9,0,11
BRDA:41,10,0,3
BRDA:41,11,0,8
BRDA:42,12,0,4
BRDA:46,13,0,23
BRDA:50,14,0,10
BRDA:50,15,0,2
BRDA:52,16,0,21
BRDA:54,17,0,16
BRDA:54,18,0,3
BRDA:47,19,0,25
BRDA:48,20,0,37
BRDA:50,21,0,11
BRDA:54,22,0,24
BRDA:60,23,0,27
BRDA:61,24,0,3
BRDA:63,25,0,24
BRDA:65,26,0,1
BRDA:67,27,0,23
BRDA:80,28,0,12
BRF:29
BRH:29
end_of_record
